<?xml version="1.0" encoding="UTF-8"?>
<!-- Generated by org.testng.reporters.JUnitReportReporter -->
<testsuite hostname="DESKTOP-8GGN59N" failures="0" tests="1" name="AllAnnotations" time="0.007" errors="0" timestamp="2022-04-27T23:35:33 IST" skipped="0">
  <testcase classname="AllAnnotations" name="testcase" time="0.007"/>
  <system-out/>
</testsuite> <!-- AllAnnotations -->
