<?xml version="1.0" encoding="UTF-8"?>
<!-- Generated by org.testng.reporters.JUnitReportReporter -->
<testsuite hostname="DESKTOP-8GGN59N" failures="0" tests="2" name="Selenium.Maven_Project.TestNgAnnotations" time="0.023" errors="0" timestamp="2022-04-14T00:10:57 IST" skipped="0">
  <testcase classname="Selenium.Maven_Project.TestNgAnnotations" name="testCase1" time="0.013"/>
  <system-out/>
  <testcase classname="Selenium.Maven_Project.TestNgAnnotations" name="testCase2" time="0.010"/>
  <system-out/>
</testsuite> <!-- Selenium.Maven_Project.TestNgAnnotations -->
