<?xml version="1.0" encoding="UTF-8"?>
<!-- Generated by org.testng.reporters.JUnitReportReporter -->
<testsuite hostname="DESKTOP-8GGN59N" failures="0" tests="4" name="Enable_False_program" time="0.023" errors="0" timestamp="2022-04-28T22:39:04 IST" skipped="1">
  <testcase classname="Enable_False_program" name="e" time="0.010"/>
  <system-out/>
  <testcase classname="Enable_False_program" name="b" time="0.009"/>
  <system-out/>
  <testcase classname="Enable_False_program" name="c" time="0.004"/>
  <system-out/>
  <testcase classname="Enable_False_program" name="a">
    <skipped/>
  </testcase> <!-- a -->
  <system-out/>
</testsuite> <!-- Enable_False_program -->
