<?xml version="1.0" encoding="UTF-8"?>
<!-- Generated by org.testng.reporters.JUnitReportReporter -->
<testsuite hostname="DESKTOP-8GGN59N" failures="0" tests="1" name="NewTest" time="0.014" errors="0" timestamp="2022-04-27T23:27:35 IST" skipped="0">
  <testcase classname="NewTest" name="testcase" time="0.014"/>
  <system-out/>
</testsuite> <!-- NewTest -->
