<?xml version="1.0" encoding="UTF-8"?>
<!-- Generated by org.testng.reporters.JUnitReportReporter -->
<testsuite hostname="DESKTOP-8GGN59N" failures="0" tests="1" name="Testng.Annotations" time="0.002" errors="0" timestamp="2022-04-28T23:01:26 IST" skipped="0">
  <testcase classname="Testng.Annotations" name="testcase" time="0.002"/>
  <system-out/>
</testsuite> <!-- Testng.Annotations -->
