<?xml version="1.0" encoding="UTF-8"?>
<!-- Generated by org.testng.reporters.JUnitReportReporter -->
<testsuite hostname="DESKTOP-8GGN59N" failures="0" tests="4" name="Testng.Enabled_False_Program" time="0.013" errors="0" timestamp="2022-04-28T23:01:26 IST" skipped="1">
  <testcase classname="Testng.Enabled_False_Program" name="e" time="0.003"/>
  <system-out/>
  <testcase classname="Testng.Enabled_False_Program" name="c" time="0.001"/>
  <system-out/>
  <testcase classname="Testng.Enabled_False_Program" name="b" time="0.009"/>
  <system-out/>
  <testcase classname="Testng.Enabled_False_Program" name="a">
    <skipped/>
  </testcase> <!-- a -->
  <system-out/>
</testsuite> <!-- Testng.Enabled_False_Program -->
