<?xml version="1.0" encoding="UTF-8"?>
<!-- Generated by org.testng.reporters.JUnitReportReporter -->
<testsuite hostname="DESKTOP-8GGN59N" failures="0" tests="5" name="Testng.Priority_program" time="0.016" errors="0" timestamp="2022-04-28T23:01:26 IST" skipped="0">
  <testcase classname="Testng.Priority_program" name="a" time="0.003"/>
  <system-out/>
  <testcase classname="Testng.Priority_program" name="c" time="0.005"/>
  <system-out/>
  <testcase classname="Testng.Priority_program" name="b" time="0.003"/>
  <system-out/>
  <testcase classname="Testng.Priority_program" name="e" time="0.002"/>
  <system-out/>
  <testcase classname="Testng.Priority_program" name="d" time="0.003"/>
  <system-out/>
</testsuite> <!-- Testng.Priority_program -->
