<?xml version="1.0" encoding="UTF-8"?>
<!-- Generated by org.testng.reporters.JUnitReportReporter -->
<testsuite hostname="DESKTOP-8GGN59N" failures="0" tests="4" name="Testng.Groups_Program" time="0.008" errors="0" timestamp="2022-04-28T23:01:26 IST" skipped="0">
  <testcase classname="Testng.Groups_Program" name="d" time="0.001"/>
  <system-out/>
  <testcase classname="Testng.Groups_Program" name="a" time="0.003"/>
  <system-out/>
  <testcase classname="Testng.Groups_Program" name="c" time="0.002"/>
  <system-out/>
  <testcase classname="Testng.Groups_Program" name="b" time="0.002"/>
  <system-out/>
</testsuite> <!-- Testng.Groups_Program -->
