<?xml version="1.0" encoding="UTF-8"?>
<!-- Generated by org.testng.reporters.JUnitReportReporter -->
<testsuite hostname="DESKTOP-8GGN59N" failures="0" tests="5" name="DependsOnProgram" time="0.029" errors="0" timestamp="2022-04-28T22:34:24 IST" skipped="0">
  <testcase classname="DependsOnProgram" name="b" time="0.003"/>
  <system-out/>
  <testcase classname="DependsOnProgram" name="e" time="0.004"/>
  <system-out/>
  <testcase classname="DependsOnProgram" name="a" time="0.005"/>
  <system-out/>
  <testcase classname="DependsOnProgram" name="c" time="0.014"/>
  <system-out/>
  <testcase classname="DependsOnProgram" name="d" time="0.003"/>
  <system-out/>
</testsuite> <!-- DependsOnProgram -->
