<?xml version="1.0" encoding="UTF-8"?>
<!-- Generated by org.testng.reporters.JUnitReportReporter -->
<testsuite hostname="DESKTOP-8GGN59N" failures="0" tests="7" name="Testng.DataProvider_Program" time="55.118" errors="0" timestamp="2022-04-28T23:01:26 IST" skipped="0">
  <testcase classname="Testng.DataProvider_Program" name="testSearchCountry" time="7.431"/>
  <system-out/>
  <testcase classname="Testng.DataProvider_Program" name="testSearchCountry" time="7.354"/>
  <system-out/>
  <testcase classname="Testng.DataProvider_Program" name="testSearchCountry" time="7.654"/>
  <system-out/>
  <testcase classname="Testng.DataProvider_Program" name="testSearchCountry" time="9.945"/>
  <system-out/>
  <testcase classname="Testng.DataProvider_Program" name="testSearchCountry" time="7.108"/>
  <system-out/>
  <testcase classname="Testng.DataProvider_Program" name="testSearchCountry" time="8.248"/>
  <system-out/>
  <testcase classname="Testng.DataProvider_Program" name="testSearchCountry" time="7.378"/>
  <system-out/>
</testsuite> <!-- Testng.DataProvider_Program -->
