<?xml version="1.0" encoding="UTF-8"?>
<!-- Generated by org.testng.reporters.JUnitReportReporter -->
<testsuite hostname="DESKTOP-8GGN59N" failures="0" tests="7" name="DataProviderExample" time="52.213" errors="0" timestamp="2022-04-27T23:18:38 IST" skipped="0">
  <testcase classname="DataProviderExample" name="testSearchCountry" time="7.142"/>
  <system-out/>
  <testcase classname="DataProviderExample" name="testSearchCountry" time="6.785"/>
  <system-out/>
  <testcase classname="DataProviderExample" name="testSearchCountry" time="7.432"/>
  <system-out/>
  <testcase classname="DataProviderExample" name="testSearchCountry" time="7.152"/>
  <system-out/>
  <testcase classname="DataProviderExample" name="testSearchCountry" time="7.417"/>
  <system-out/>
  <testcase classname="DataProviderExample" name="testSearchCountry" time="8.840"/>
  <system-out/>
  <testcase classname="DataProviderExample" name="testSearchCountry" time="7.445"/>
  <system-out/>
</testsuite> <!-- DataProviderExample -->
