<?xml version="1.0" encoding="UTF-8"?>
<!-- Generated by org.testng.reporters.JUnitReportReporter -->
<testsuite hostname="DESKTOP-8GGN59N" failures="0" tests="1" name="Selenium.Maven_Project.Test_Cases" time="0.010" errors="0" timestamp="2022-04-13T23:00:05 IST" skipped="0">
  <testcase classname="Selenium.Maven_Project.Test_Cases" name="meth1" time="0.010"/>
  <system-out/>
</testsuite> <!-- Selenium.Maven_Project.Test_Cases -->
